<?xml version="1.0" encoding="UTF-8"?>
<testsuite name="com.jojoldu.book.springboot.web.IndexControllerTest" tests="1" skipped="0" failures="0" errors="0" timestamp="2020-09-06T13:00:24" hostname="user" time="1.136">
  <properties/>
  <testcase name="메이페이지_로딩" classname="com.jojoldu.book.springboot.web.IndexControllerTest" time="1.136"/>
  <system-out><![CDATA[2020-09-06 21:59:58.822  INFO 13748 --- [    Test worker] .b.t.c.SpringBootTestContextBootstrapper : Neither @ContextConfiguration nor @ContextHierarchy found for test class [com.jojoldu.book.springboot.web.IndexControllerTest], using SpringBootContextLoader
2020-09-06 21:59:58.828  INFO 13748 --- [    Test worker] o.s.t.c.support.AbstractContextLoader    : Could not detect default resource locations for test class [com.jojoldu.book.springboot.web.IndexControllerTest]: no resource found for suffixes {-context.xml, Context.groovy}.
2020-09-06 21:59:58.829  INFO 13748 --- [    Test worker] t.c.s.AnnotationConfigContextLoaderUtils : Could not detect default configuration classes for test class [com.jojoldu.book.springboot.web.IndexControllerTest]: IndexControllerTest does not declare any static, non-private, non-final, nested classes annotated with @Configuration.
2020-09-06 21:59:58.851  INFO 13748 --- [    Test worker] .b.t.c.SpringBootTestContextBootstrapper : Found @SpringBootConfiguration com.jojoldu.book.springboot.Application for test class com.jojoldu.book.springboot.web.IndexControllerTest
2020-09-06 21:59:58.859  INFO 13748 --- [    Test worker] .b.t.c.SpringBootTestContextBootstrapper : Loaded default TestExecutionListener class names from location [META-INF/spring.factories]: [org.springframework.security.test.context.support.WithSecurityContextTestExecutionListener, org.springframework.security.test.context.support.ReactorContextTestExecutionListener, org.springframework.boot.test.autoconfigure.restdocs.RestDocsTestExecutionListener, org.springframework.boot.test.autoconfigure.web.client.MockRestServiceServerResetTestExecutionListener, org.springframework.boot.test.autoconfigure.web.servlet.MockMvcPrintOnlyOnFailureTestExecutionListener, org.springframework.boot.test.autoconfigure.web.servlet.WebDriverTestExecutionListener, org.springframework.boot.test.mock.mockito.MockitoTestExecutionListener, org.springframework.boot.test.mock.mockito.ResetMocksTestExecutionListener, org.springframework.test.context.web.ServletTestExecutionListener, org.springframework.test.context.support.DirtiesContextBeforeModesTestExecutionListener, org.springframework.test.context.support.DependencyInjectionTestExecutionListener, org.springframework.test.context.support.DirtiesContextTestExecutionListener, org.springframework.test.context.transaction.TransactionalTestExecutionListener, org.springframework.test.context.jdbc.SqlScriptsTestExecutionListener]
2020-09-06 21:59:58.871  INFO 13748 --- [    Test worker] .b.t.c.SpringBootTestContextBootstrapper : Using TestExecutionListeners: [org.springframework.test.context.web.ServletTestExecutionListener@53edfc2d, org.springframework.test.context.support.DirtiesContextBeforeModesTestExecutionListener@7572384a, org.springframework.boot.test.mock.mockito.MockitoTestExecutionListener@7c5792c8, org.springframework.boot.test.autoconfigure.SpringBootDependencyInjectionTestExecutionListener@7a251c64, org.springframework.test.context.support.DirtiesContextTestExecutionListener@46159b99, org.springframework.test.context.transaction.TransactionalTestExecutionListener@22415b79, org.springframework.test.context.jdbc.SqlScriptsTestExecutionListener@62c04c2b, org.springframework.security.test.context.support.WithSecurityContextTestExecutionListener@30d4ba2b, org.springframework.security.test.context.support.ReactorContextTestExecutionListener@5a7736fb, org.springframework.boot.test.autoconfigure.restdocs.RestDocsTestExecutionListener@72c5245f, org.springframework.boot.test.autoconfigure.web.client.MockRestServiceServerResetTestExecutionListener@12048f38, org.springframework.boot.test.autoconfigure.web.servlet.MockMvcPrintOnlyOnFailureTestExecutionListener@7147ab1, org.springframework.boot.test.autoconfigure.web.servlet.WebDriverTestExecutionListener@64b74446, org.springframework.boot.test.mock.mockito.ResetMocksTestExecutionListener@3f8b6353]

  .   ____          _            __ _ _
 /\\ / ___'_ __ _ _(_)_ __  __ _ \ \ \ \
( ( )\___ | '_ | '_| | '_ \/ _` | \ \ \ \
 \\/  ___)| |_)| | | | | || (_| |  ) ) ) )
  '  |____| .__|_| |_|_| |_\__, | / / / /
 =========|_|==============|___/=/_/_/_/
 :: Spring Boot ::        (v2.1.7.RELEASE)

2020-09-06 21:59:59.362  INFO 13748 --- [    Test worker] c.j.b.s.web.IndexControllerTest          : Starting IndexControllerTest on user with PID 13748 (started by Owner in C:\Users\Owner\Desktop\seobseob\SeobGit\freelec-springboot2-webservice)
2020-09-06 21:59:59.366  INFO 13748 --- [    Test worker] c.j.b.s.web.IndexControllerTest          : No active profile set, falling back to default profiles: default
2020-09-06 22:00:04.111  INFO 13748 --- [    Test worker] .s.d.r.c.RepositoryConfigurationDelegate : Bootstrapping Spring Data repositories in DEFAULT mode.
2020-09-06 22:00:04.450  INFO 13748 --- [    Test worker] .s.d.r.c.RepositoryConfigurationDelegate : Finished Spring Data repository scanning in 338ms. Found 2 repository interfaces.
2020-09-06 22:00:06.806  INFO 13748 --- [    Test worker] trationDelegate$BeanPostProcessorChecker : Bean 'org.springframework.transaction.annotation.ProxyTransactionManagementConfiguration' of type [org.springframework.transaction.annotation.ProxyTransactionManagementConfiguration$$EnhancerBySpringCGLIB$$a7cd5519] is not eligible for getting processed by all BeanPostProcessors (for example: not eligible for auto-proxying)
2020-09-06 22:00:11.059  INFO 13748 --- [    Test worker] o.s.b.w.embedded.tomcat.TomcatWebServer  : Tomcat initialized with port(s): 0 (http)
2020-09-06 22:00:11.370  INFO 13748 --- [    Test worker] o.apache.catalina.core.StandardService   : Starting service [Tomcat]
2020-09-06 22:00:11.372  INFO 13748 --- [    Test worker] org.apache.catalina.core.StandardEngine  : Starting Servlet engine: [Apache Tomcat/9.0.22]
2020-09-06 22:00:12.697  INFO 13748 --- [    Test worker] o.a.c.c.C.[Tomcat].[localhost].[/]       : Initializing Spring embedded WebApplicationContext
2020-09-06 22:00:12.698  INFO 13748 --- [    Test worker] o.s.web.context.ContextLoader            : Root WebApplicationContext: initialization completed in 13302 ms
2020-09-06 22:00:14.422  INFO 13748 --- [    Test worker] com.zaxxer.hikari.HikariDataSource       : HikariPool-2 - Starting...
2020-09-06 22:00:14.428  INFO 13748 --- [    Test worker] com.zaxxer.hikari.HikariDataSource       : HikariPool-2 - Start completed.
2020-09-06 22:00:14.843  INFO 13748 --- [    Test worker] o.hibernate.jpa.internal.util.LogHelper  : HHH000204: Processing PersistenceUnitInfo [
	name: default
	...]
2020-09-06 22:00:14.932  INFO 13748 --- [    Test worker] org.hibernate.dialect.Dialect            : HHH000400: Using dialect: org.hibernate.dialect.MySQL5InnoDBDialect
Hibernate: drop table if exists posts
Hibernate: drop table if exists user
Hibernate: create table posts (id bigint not null auto_increment, created_date datetime, modified_date datetime, author varchar(255), content TEXT not null, title varchar(500) not null, primary key (id)) engine=InnoDB
Hibernate: create table user (id bigint not null auto_increment, created_date datetime, modified_date datetime, email varchar(255) not null, name varchar(255) not null, picture varchar(255), role varchar(255) not null, primary key (id)) engine=InnoDB
2020-09-06 22:00:15.296  INFO 13748 --- [    Test worker] o.h.t.schema.internal.SchemaCreatorImpl  : HHH000476: Executing import script 'org.hibernate.tool.schema.internal.exec.ScriptSourceInputNonExistentImpl@cf008c5'
2020-09-06 22:00:15.298  INFO 13748 --- [    Test worker] j.LocalContainerEntityManagerFactoryBean : Initialized JPA EntityManagerFactory for persistence unit 'default'
2020-09-06 22:00:18.142  INFO 13748 --- [    Test worker] o.h.h.i.QueryTranslatorFactoryInitiator  : HHH000397: Using ASTQueryTranslatorFactory
2020-09-06 22:00:19.570  INFO 13748 --- [    Test worker] o.s.s.web.DefaultSecurityFilterChain     : Creating filter chain: any request, [org.springframework.security.web.context.request.async.WebAsyncManagerIntegrationFilter@7c51e83d, org.springframework.security.web.context.SecurityContextPersistenceFilter@679b9c4d, org.springframework.security.web.header.HeaderWriterFilter@21495575, org.springframework.security.web.authentication.logout.LogoutFilter@4a0274f4, org.springframework.security.oauth2.client.web.OAuth2AuthorizationRequestRedirectFilter@778703b0, org.springframework.security.oauth2.client.web.OAuth2LoginAuthenticationFilter@2948405e, org.springframework.security.web.authentication.ui.DefaultLoginPageGeneratingFilter@71c0e775, org.springframework.security.web.authentication.ui.DefaultLogoutPageGeneratingFilter@1b599b80, org.springframework.security.web.savedrequest.RequestCacheAwareFilter@2727be13, org.springframework.security.web.servletapi.SecurityContextHolderAwareRequestFilter@4c2ea57f, org.springframework.security.web.authentication.AnonymousAuthenticationFilter@540c81d8, org.springframework.security.web.session.SessionManagementFilter@2053b007, org.springframework.security.web.access.ExceptionTranslationFilter@39af2a7f, org.springframework.security.web.access.intercept.FilterSecurityInterceptor@76f223b4]
2020-09-06 22:00:21.433  INFO 13748 --- [    Test worker] o.s.s.concurrent.ThreadPoolTaskExecutor  : Initializing ExecutorService 'applicationTaskExecutor'
2020-09-06 22:00:21.551  WARN 13748 --- [    Test worker] aWebConfiguration$JpaWebMvcConfiguration : spring.jpa.open-in-view is enabled by default. Therefore, database queries may be performed during view rendering. Explicitly configure spring.jpa.open-in-view to disable this warning
2020-09-06 22:00:21.910  INFO 13748 --- [    Test worker] o.s.b.a.w.s.WelcomePageHandlerMapping    : Adding welcome page template: index
2020-09-06 22:00:24.317  INFO 13748 --- [    Test worker] s.a.ScheduledAnnotationBeanPostProcessor : No TaskScheduler/ScheduledExecutorService bean found for scheduled processing
2020-09-06 22:00:24.465  INFO 13748 --- [    Test worker] o.s.b.w.embedded.tomcat.TomcatWebServer  : Tomcat started on port(s): 12107 (http) with context path ''
2020-09-06 22:00:24.471  INFO 13748 --- [    Test worker] c.j.b.s.web.IndexControllerTest          : Started IndexControllerTest in 25.587 seconds (JVM running for 124.258)
2020-09-06 22:00:25.013  INFO 13748 --- [o-auto-1-exec-1] o.a.c.c.C.[Tomcat].[localhost].[/]       : Initializing Spring DispatcherServlet 'dispatcherServlet'
2020-09-06 22:00:25.016  INFO 13748 --- [o-auto-1-exec-1] o.s.web.servlet.DispatcherServlet        : Initializing Servlet 'dispatcherServlet'
2020-09-06 22:00:25.161  INFO 13748 --- [o-auto-1-exec-1] o.s.web.servlet.DispatcherServlet        : Completed initialization in 145 ms
Hibernate: select posts0_.id as id1_0_, posts0_.created_date as created_2_0_, posts0_.modified_date as modified3_0_, posts0_.author as author4_0_, posts0_.content as content5_0_, posts0_.title as title6_0_ from posts posts0_ order by posts0_.id DESC
]]></system-out>
  <system-err><![CDATA[]]></system-err>
</testsuite>
