<?xml version="1.0" encoding="UTF-8"?>
<testsuite name="com.jojoldu.book.springboot.web.HelloControllerTest" tests="2" skipped="0" failures="0" errors="0" timestamp="2020-09-06T12:59:56" hostname="user" time="2.557">
  <properties/>
  <testcase name="hello가_리턴된다" classname="com.jojoldu.book.springboot.web.HelloControllerTest" time="1.578"/>
  <testcase name="helloDto가_리턴된다" classname="com.jojoldu.book.springboot.web.HelloControllerTest" time="0.974"/>
  <system-out><![CDATA[2020-09-06 21:59:32.130  INFO 13748 --- [    Test worker] .b.t.a.w.s.WebMvcTestContextBootstrapper : Neither @ContextConfiguration nor @ContextHierarchy found for test class [com.jojoldu.book.springboot.web.HelloControllerTest], using SpringBootContextLoader
2020-09-06 21:59:32.149  INFO 13748 --- [    Test worker] o.s.t.c.support.AbstractContextLoader    : Could not detect default resource locations for test class [com.jojoldu.book.springboot.web.HelloControllerTest]: no resource found for suffixes {-context.xml, Context.groovy}.
2020-09-06 21:59:32.166  INFO 13748 --- [    Test worker] t.c.s.AnnotationConfigContextLoaderUtils : Could not detect default configuration classes for test class [com.jojoldu.book.springboot.web.HelloControllerTest]: HelloControllerTest does not declare any static, non-private, non-final, nested classes annotated with @Configuration.
2020-09-06 21:59:32.701  INFO 13748 --- [    Test worker] .b.t.c.SpringBootTestContextBootstrapper : Found @SpringBootConfiguration com.jojoldu.book.springboot.Application for test class com.jojoldu.book.springboot.web.HelloControllerTest
2020-09-06 21:59:32.704  INFO 13748 --- [    Test worker] .b.t.a.w.s.WebMvcTestContextBootstrapper : Loaded default TestExecutionListener class names from location [META-INF/spring.factories]: [org.springframework.security.test.context.support.WithSecurityContextTestExecutionListener, org.springframework.security.test.context.support.ReactorContextTestExecutionListener, org.springframework.boot.test.autoconfigure.restdocs.RestDocsTestExecutionListener, org.springframework.boot.test.autoconfigure.web.client.MockRestServiceServerResetTestExecutionListener, org.springframework.boot.test.autoconfigure.web.servlet.MockMvcPrintOnlyOnFailureTestExecutionListener, org.springframework.boot.test.autoconfigure.web.servlet.WebDriverTestExecutionListener, org.springframework.boot.test.mock.mockito.MockitoTestExecutionListener, org.springframework.boot.test.mock.mockito.ResetMocksTestExecutionListener, org.springframework.test.context.web.ServletTestExecutionListener, org.springframework.test.context.support.DirtiesContextBeforeModesTestExecutionListener, org.springframework.test.context.support.DependencyInjectionTestExecutionListener, org.springframework.test.context.support.DirtiesContextTestExecutionListener, org.springframework.test.context.transaction.TransactionalTestExecutionListener, org.springframework.test.context.jdbc.SqlScriptsTestExecutionListener]
2020-09-06 21:59:32.734  INFO 13748 --- [    Test worker] .b.t.a.w.s.WebMvcTestContextBootstrapper : Using TestExecutionListeners: [org.springframework.test.context.web.ServletTestExecutionListener@30399144, org.springframework.test.context.support.DirtiesContextBeforeModesTestExecutionListener@5fa653a7, org.springframework.boot.test.mock.mockito.MockitoTestExecutionListener@76d4a264, org.springframework.boot.test.autoconfigure.SpringBootDependencyInjectionTestExecutionListener@53ce3a80, org.springframework.test.context.support.DirtiesContextTestExecutionListener@2f81220c, org.springframework.test.context.transaction.TransactionalTestExecutionListener@42d77730, org.springframework.test.context.jdbc.SqlScriptsTestExecutionListener@11c33a8c, org.springframework.security.test.context.support.WithSecurityContextTestExecutionListener@337b080e, org.springframework.security.test.context.support.ReactorContextTestExecutionListener@15ccdd2f, org.springframework.boot.test.autoconfigure.restdocs.RestDocsTestExecutionListener@6c5b4651, org.springframework.boot.test.autoconfigure.web.client.MockRestServiceServerResetTestExecutionListener@64c4160c, org.springframework.boot.test.autoconfigure.web.servlet.MockMvcPrintOnlyOnFailureTestExecutionListener@f1459e2, org.springframework.boot.test.autoconfigure.web.servlet.WebDriverTestExecutionListener@7c42c88a, org.springframework.boot.test.mock.mockito.ResetMocksTestExecutionListener@4a1d709d]

  .   ____          _            __ _ _
 /\\ / ___'_ __ _ _(_)_ __  __ _ \ \ \ \
( ( )\___ | '_ | '_| | '_ \/ _` | \ \ \ \
 \\/  ___)| |_)| | | | | || (_| |  ) ) ) )
  '  |____| .__|_| |_|_| |_\__, | / / / /
 =========|_|==============|___/=/_/_/_/
 :: Spring Boot ::        (v2.1.7.RELEASE)

2020-09-06 21:59:33.436  INFO 13748 --- [    Test worker] c.j.b.s.web.HelloControllerTest          : Starting HelloControllerTest on user with PID 13748 (started by Owner in C:\Users\Owner\Desktop\seobseob\SeobGit\freelec-springboot2-webservice)
2020-09-06 21:59:33.446  INFO 13748 --- [    Test worker] c.j.b.s.web.HelloControllerTest          : No active profile set, falling back to default profiles: default
2020-09-06 21:59:47.071  INFO 13748 --- [    Test worker] o.s.s.concurrent.ThreadPoolTaskExecutor  : Initializing ExecutorService 'applicationTaskExecutor'
2020-09-06 21:59:47.678  INFO 13748 --- [    Test worker] o.s.b.a.w.s.WelcomePageHandlerMapping    : Adding welcome page template: index
2020-09-06 21:59:53.050  INFO 13748 --- [    Test worker] .s.s.UserDetailsServiceAutoConfiguration : 

Using generated security password: 80dc3e51-ceb7-44a9-84b1-61992daf5394

2020-09-06 21:59:54.734  INFO 13748 --- [    Test worker] o.s.s.web.DefaultSecurityFilterChain     : Creating filter chain: any request, [org.springframework.security.web.context.request.async.WebAsyncManagerIntegrationFilter@f6aa8bc, org.springframework.security.web.context.SecurityContextPersistenceFilter@4bf50c2b, org.springframework.security.web.header.HeaderWriterFilter@54a78f95, org.springframework.security.web.csrf.CsrfFilter@1cd6c53d, org.springframework.security.web.authentication.logout.LogoutFilter@3c7336f6, org.springframework.security.web.authentication.UsernamePasswordAuthenticationFilter@182860dd, org.springframework.security.web.authentication.ui.DefaultLoginPageGeneratingFilter@28897157, org.springframework.security.web.authentication.ui.DefaultLogoutPageGeneratingFilter@714316ad, org.springframework.security.web.authentication.www.BasicAuthenticationFilter@1be26643, org.springframework.security.web.savedrequest.RequestCacheAwareFilter@2c9c953d, org.springframework.security.web.servletapi.SecurityContextHolderAwareRequestFilter@44af7c1c, org.springframework.security.web.authentication.AnonymousAuthenticationFilter@791ba6b8, org.springframework.security.web.session.SessionManagementFilter@7ef24711, org.springframework.security.web.access.ExceptionTranslationFilter@2af9bee6, org.springframework.security.web.access.intercept.FilterSecurityInterceptor@58246ce4]
2020-09-06 21:59:55.274  INFO 13748 --- [    Test worker] o.s.b.t.m.w.SpringBootMockServletContext : Initializing Spring TestDispatcherServlet ''
2020-09-06 21:59:55.274  INFO 13748 --- [    Test worker] o.s.t.web.servlet.TestDispatcherServlet  : Initializing Servlet ''
2020-09-06 21:59:55.458  INFO 13748 --- [    Test worker] o.s.t.web.servlet.TestDispatcherServlet  : Completed initialization in 183 ms
2020-09-06 21:59:56.222  INFO 13748 --- [    Test worker] c.j.b.s.web.HelloControllerTest          : Started HelloControllerTest in 23.464 seconds (JVM running for 96.009)
]]></system-out>
  <system-err><![CDATA[]]></system-err>
</testsuite>
