<?xml version="1.0" encoding="UTF-8"?>
<testsuite name="com.jojoldu.book.springboot.web.HelloControllerTest" tests="2" skipped="0" failures="0" errors="0" timestamp="2020-09-14T16:05:24" hostname="user" time="1.885">
  <properties/>
  <testcase name="hello가_리턴된다" classname="com.jojoldu.book.springboot.web.HelloControllerTest" time="0.958"/>
  <testcase name="helloDto가_리턴된다" classname="com.jojoldu.book.springboot.web.HelloControllerTest" time="0.925"/>
  <system-out><![CDATA[2020-09-15 01:05:06.390  INFO 1796 --- [    Test worker] .b.t.a.w.s.WebMvcTestContextBootstrapper : Neither @ContextConfiguration nor @ContextHierarchy found for test class [com.jojoldu.book.springboot.web.HelloControllerTest], using SpringBootContextLoader
2020-09-15 01:05:06.413  INFO 1796 --- [    Test worker] o.s.t.c.support.AbstractContextLoader    : Could not detect default resource locations for test class [com.jojoldu.book.springboot.web.HelloControllerTest]: no resource found for suffixes {-context.xml, Context.groovy}.
2020-09-15 01:05:06.423  INFO 1796 --- [    Test worker] t.c.s.AnnotationConfigContextLoaderUtils : Could not detect default configuration classes for test class [com.jojoldu.book.springboot.web.HelloControllerTest]: HelloControllerTest does not declare any static, non-private, non-final, nested classes annotated with @Configuration.
2020-09-15 01:05:06.785  INFO 1796 --- [    Test worker] .b.t.c.SpringBootTestContextBootstrapper : Found @SpringBootConfiguration com.jojoldu.book.springboot.Application for test class com.jojoldu.book.springboot.web.HelloControllerTest
2020-09-15 01:05:06.844  INFO 1796 --- [    Test worker] .b.t.a.w.s.WebMvcTestContextBootstrapper : Loaded default TestExecutionListener class names from location [META-INF/spring.factories]: [org.springframework.security.test.context.support.WithSecurityContextTestExecutionListener, org.springframework.security.test.context.support.ReactorContextTestExecutionListener, org.springframework.boot.test.autoconfigure.restdocs.RestDocsTestExecutionListener, org.springframework.boot.test.autoconfigure.web.client.MockRestServiceServerResetTestExecutionListener, org.springframework.boot.test.autoconfigure.web.servlet.MockMvcPrintOnlyOnFailureTestExecutionListener, org.springframework.boot.test.autoconfigure.web.servlet.WebDriverTestExecutionListener, org.springframework.boot.test.mock.mockito.MockitoTestExecutionListener, org.springframework.boot.test.mock.mockito.ResetMocksTestExecutionListener, org.springframework.test.context.web.ServletTestExecutionListener, org.springframework.test.context.support.DirtiesContextBeforeModesTestExecutionListener, org.springframework.test.context.support.DependencyInjectionTestExecutionListener, org.springframework.test.context.support.DirtiesContextTestExecutionListener, org.springframework.test.context.transaction.TransactionalTestExecutionListener, org.springframework.test.context.jdbc.SqlScriptsTestExecutionListener]
2020-09-15 01:05:06.862  INFO 1796 --- [    Test worker] .b.t.a.w.s.WebMvcTestContextBootstrapper : Using TestExecutionListeners: [org.springframework.test.context.web.ServletTestExecutionListener@154983b6, org.springframework.test.context.support.DirtiesContextBeforeModesTestExecutionListener@2b59fe57, org.springframework.boot.test.mock.mockito.MockitoTestExecutionListener@59c863fa, org.springframework.boot.test.autoconfigure.SpringBootDependencyInjectionTestExecutionListener@3f855268, org.springframework.test.context.support.DirtiesContextTestExecutionListener@6688321d, org.springframework.test.context.transaction.TransactionalTestExecutionListener@2c7d3dd, org.springframework.test.context.jdbc.SqlScriptsTestExecutionListener@180aa7cc, org.springframework.security.test.context.support.WithSecurityContextTestExecutionListener@d09b0b7, org.springframework.security.test.context.support.ReactorContextTestExecutionListener@2a3663d1, org.springframework.boot.test.autoconfigure.restdocs.RestDocsTestExecutionListener@16d31471, org.springframework.boot.test.autoconfigure.web.client.MockRestServiceServerResetTestExecutionListener@5b2ae5a0, org.springframework.boot.test.autoconfigure.web.servlet.MockMvcPrintOnlyOnFailureTestExecutionListener@1b667a7a, org.springframework.boot.test.autoconfigure.web.servlet.WebDriverTestExecutionListener@257ba2c, org.springframework.boot.test.mock.mockito.ResetMocksTestExecutionListener@ca9568b]

  .   ____          _            __ _ _
 /\\ / ___'_ __ _ _(_)_ __  __ _ \ \ \ \
( ( )\___ | '_ | '_| | '_ \/ _` | \ \ \ \
 \\/  ___)| |_)| | | | | || (_| |  ) ) ) )
  '  |____| .__|_| |_|_| |_\__, | / / / /
 =========|_|==============|___/=/_/_/_/
 :: Spring Boot ::        (v2.1.7.RELEASE)

2020-09-15 01:05:07.390  INFO 1796 --- [    Test worker] c.j.b.s.web.HelloControllerTest          : Starting HelloControllerTest on user with PID 1796 (started by Owner in C:\Users\Owner\Desktop\seobseob\SeobGit\freelec-springboot2-webservice)
2020-09-15 01:05:07.396  INFO 1796 --- [    Test worker] c.j.b.s.web.HelloControllerTest          : No active profile set, falling back to default profiles: default
2020-09-15 01:05:17.180  INFO 1796 --- [    Test worker] o.s.s.concurrent.ThreadPoolTaskExecutor  : Initializing ExecutorService 'applicationTaskExecutor'
2020-09-15 01:05:18.579  INFO 1796 --- [    Test worker] o.s.b.a.w.s.WelcomePageHandlerMapping    : Adding welcome page template: index
2020-09-15 01:05:22.514  INFO 1796 --- [    Test worker] .s.s.UserDetailsServiceAutoConfiguration : 

Using generated security password: e1d4bc37-2cf7-4d51-a9c6-aa202ce5733f

2020-09-15 01:05:23.935  INFO 1796 --- [    Test worker] o.s.s.web.DefaultSecurityFilterChain     : Creating filter chain: any request, [org.springframework.security.web.context.request.async.WebAsyncManagerIntegrationFilter@5a7c4531, org.springframework.security.web.context.SecurityContextPersistenceFilter@764f63d9, org.springframework.security.web.header.HeaderWriterFilter@1af30f5, org.springframework.security.web.csrf.CsrfFilter@37e7dc2f, org.springframework.security.web.authentication.logout.LogoutFilter@6dc90a44, org.springframework.security.web.authentication.UsernamePasswordAuthenticationFilter@7e3d54e1, org.springframework.security.web.authentication.ui.DefaultLoginPageGeneratingFilter@1dd2257f, org.springframework.security.web.authentication.ui.DefaultLogoutPageGeneratingFilter@12e20d88, org.springframework.security.web.authentication.www.BasicAuthenticationFilter@30b35f49, org.springframework.security.web.savedrequest.RequestCacheAwareFilter@69bce299, org.springframework.security.web.servletapi.SecurityContextHolderAwareRequestFilter@11ec5fc3, org.springframework.security.web.authentication.AnonymousAuthenticationFilter@3801518a, org.springframework.security.web.session.SessionManagementFilter@820924b, org.springframework.security.web.access.ExceptionTranslationFilter@67333ea, org.springframework.security.web.access.intercept.FilterSecurityInterceptor@7e9bb6b6]
2020-09-15 01:05:24.204  INFO 1796 --- [    Test worker] o.s.b.t.m.w.SpringBootMockServletContext : Initializing Spring TestDispatcherServlet ''
2020-09-15 01:05:24.205  INFO 1796 --- [    Test worker] o.s.t.web.servlet.TestDispatcherServlet  : Initializing Servlet ''
2020-09-15 01:05:24.320  INFO 1796 --- [    Test worker] o.s.t.web.servlet.TestDispatcherServlet  : Completed initialization in 115 ms
2020-09-15 01:05:24.615  INFO 1796 --- [    Test worker] c.j.b.s.web.HelloControllerTest          : Started HelloControllerTest in 17.737 seconds (JVM running for 168.437)
]]></system-out>
  <system-err><![CDATA[]]></system-err>
</testsuite>
