<?xml version="1.0" encoding="UTF-8"?>
<testsuite name="com.jojoldu.book.springboot.web.dto.HelloResponseDtoTest" tests="1" skipped="0" failures="0" errors="0" timestamp="2020-09-06T12:59:31" hostname="user" time="0.099">
  <properties/>
  <testcase name="롬복_기능_테스트" classname="com.jojoldu.book.springboot.web.dto.HelloResponseDtoTest" time="0.099"/>
  <system-out><![CDATA[]]></system-out>
  <system-err><![CDATA[]]></system-err>
</testsuite>
